<?xml version="1.0" encoding="UTF-8"?>
<!-- Generated by org.testng.reporters.JUnitXMLReporter -->
<testsuite ignored="0" hostname="MSI" failures="1" tests="3" name="Test" time="7.882" errors="0" timestamp="2022-10-29T10:48:42 IST">
  <testcase classname="com.Test.Test1" name="VerifyFBlogin" time="0.156">
    <failure type="java.lang.AssertionError" message="expected [Facebook] but found [Log in to Facebook]">
      <![CDATA[java.lang.AssertionError: expected [Facebook] but found [Log in to Facebook]
at com.Test.Test1.VerifyFBlogin(Test1.java:31)
at java.base/java.util.ArrayList.forEach(ArrayList.java:1511)
... Removed 31 stack frames]]>
    </failure>
  </testcase> <!-- VerifyFBlogin -->
  <testcase classname="com.Test.Test2" name="TestA" time="0.001"/>
  <testcase classname="com.Test.Test3" name="TestB" time="0.001"/>
</testsuite> <!-- Test -->
